#
# A fatal error has been detected by the Java Runtime Environment:
#
#  Internal Error (javaClasses.cpp:139), pid=13102, tid=140715636508416
#  fatal error: Invalid layout of preloaded class
#
# JRE version:  (7.0_75-b13) (build )
# Java VM: OpenJDK 64-Bit Server VM (24.75-b04 mixed mode linux-amd64 compressed oops)
# Derivative: IcedTea 2.5.4
# Distribution: Ubuntu 14.04 LTS, package 7u75-2.5.4-1~trusty1
# Failed to write core dump. Core dumps have been disabled. To enable core dumping, try "ulimit -c unlimited" before starting Java again
#
# If you would like to submit a bug report, please include
# instructions on how to reproduce the bug and visit:
#   http://icedtea.classpath.org/bugzilla
#

---------------  T H R E A D  ---------------

Current thread (0x00007ffae000a000):  JavaThread "Unknown thread" [_thread_in_vm, id=13108, stack(0x00007ffae9774000,0x00007ffae9875000)]

Stack: [0x00007ffae9774000,0x00007ffae9875000],  sp=0x00007ffae9873900,  free space=1022k
Native frames: (J=compiled Java code, j=interpreted, Vv=VM code, C=native code)
V  [libjvm.so+0x94a9d5]  VMError::report_and_die()+0x175
V  [libjvm.so+0x48b8c4]  report_fatal(char const*, int, char const*)+0x54
V  [libjvm.so+0x5e8c60]  compute_offset(int&, klassOopDesc*, Symbol*, Symbol*, bool) [clone .constprop.120]+0xc0
V  [libjvm.so+0x5e8d36]  java_lang_String::compute_offsets()+0x36
V  [libjvm.so+0x8cf47c]  SystemDictionary::initialize_preloaded_classes(Thread*)+0xcc
V  [libjvm.so+0x91ad28]  Universe::genesis(Thread*)+0x468
V  [libjvm.so+0x91b334]  universe2_init()+0x24
V  [libjvm.so+0x59d21a]  init_globals()+0x9a
V  [libjvm.so+0x8fe15f]  Threads::create_vm(JavaVMInitArgs*, bool*)+0x35f
V  [libjvm.so+0x608554]  JNI_CreateJavaVM+0x54
C  [libjli.so+0x2b48]


---------------  P R O C E S S  ---------------

Java Threads: ( => current thread )

Other Threads:

=>0x00007ffae000a000 (exited) JavaThread "Unknown thread" [_thread_in_vm, id=13108, stack(0x00007ffae9774000,0x00007ffae9875000)]

VM state:not at safepoint (not fully initialized)

VM Mutex/Monitor currently owned by a thread: None

GC Heap History (0 events):
No events

Deoptimization events (0 events):
No events

Internal exceptions (0 events):
No events

Events (10 events):
Event: 0.014 loading class 0x00007ffae593b710 done
Event: 0.015 loading class 0x00007ffae593b110 done
Event: 0.015 loading class 0x00007ffae593b0f0
Event: 0.015 loading class 0x00007ffae59431e0
Event: 0.015 loading class 0x00007ffae59431e0 done
Event: 0.015 loading class 0x00007ffae5943210
Event: 0.015 loading class 0x00007ffae5943210 done
Event: 0.015 loading class 0x00007ffae5943240
Event: 0.015 loading class 0x00007ffae5943240 done
Event: 0.015 loading class 0x00007ffae593b0f0 done


Dynamic libraries:
00400000-00401000 r-xp 00000000 08:05 5118481                            /usr/lib/jvm/java-7-openjdk-amd64/jre/bin/java
00600000-00601000 r--p 00000000 08:05 5118481                            /usr/lib/jvm/java-7-openjdk-amd64/jre/bin/java
00601000-00602000 rw-p 00001000 08:05 5118481                            /usr/lib/jvm/java-7-openjdk-amd64/jre/bin/java
008da000-008fb000 rw-p 00000000 00:00 0                                  [heap]
b9a00000-baf00000 rw-p 00000000 00:00 0 
baf00000-c4000000 rw-p 00000000 00:00 0 
c4000000-c6800000 rw-p 00000000 00:00 0 
c6800000-ec000000 rw-p 00000000 00:00 0 
ec000000-ed400000 rw-p 00000000 00:00 0 
ed400000-100000000 rw-p 00000000 00:00 0 
7ffac8000000-7ffac8021000 rw-p 00000000 00:00 0 
7ffac8021000-7ffacc000000 ---p 00000000 00:00 0 
7ffacc000000-7ffacc021000 rw-p 00000000 00:00 0 
7ffacc021000-7ffad0000000 ---p 00000000 00:00 0 
7ffad0000000-7ffad0021000 rw-p 00000000 00:00 0 
7ffad0021000-7ffad4000000 ---p 00000000 00:00 0 
7ffad5cd0000-7ffad8000000 rw-p 00000000 00:00 0 
7ffad8000000-7ffad8021000 rw-p 00000000 00:00 0 
7ffad8021000-7ffadc000000 ---p 00000000 00:00 0 
7ffadd000000-7ffadd270000 rwxp 00000000 00:00 0 
7ffadd270000-7ffae0057000 rw-p 00000000 00:00 0 
7ffae0057000-7ffae4000000 ---p 00000000 00:00 0 
7ffae556b000-7ffae57d0000 rw-p 00000000 00:00 0 
7ffae57d0000-7ffae58c5000 r--s 017dd000 08:05 2500680                    /home/lorenzoviva/Documenti/libraries/android-sdk-linux/platforms/android-22/android.jar
7ffae58c5000-7ffae5bf1000 rw-p 00000000 00:00 0 
7ffae5bf1000-7ffae5bf2000 ---p 00000000 00:00 0 
7ffae5bf2000-7ffae5cf2000 rw-p 00000000 00:00 0                          [stack:13112]
7ffae5cf2000-7ffae5cf3000 ---p 00000000 00:00 0 
7ffae5cf3000-7ffae5df3000 rw-p 00000000 00:00 0                          [stack:13111]
7ffae5df3000-7ffae5df4000 ---p 00000000 00:00 0 
7ffae5df4000-7ffae5ef4000 rw-p 00000000 00:00 0                          [stack:13110]
7ffae5ef4000-7ffae5ef5000 ---p 00000000 00:00 0 
7ffae5ef5000-7ffae6000000 rw-p 00000000 00:00 0                          [stack:13109]
7ffae6000000-7ffae6048000 rw-p 00000000 00:00 0 
7ffae6048000-7ffae605c000 rw-p 00000000 00:00 0 
7ffae605c000-7ffae6188000 rw-p 00000000 00:00 0 
7ffae6188000-7ffae6193000 rw-p 00000000 00:00 0 
7ffae6193000-7ffae61db000 rw-p 00000000 00:00 0 
7ffae61db000-7ffae61ef000 rw-p 00000000 00:00 0 
7ffae61ef000-7ffae631b000 rw-p 00000000 00:00 0 
7ffae631b000-7ffae6325000 rw-p 00000000 00:00 0 
7ffae6325000-7ffae63bb000 rw-p 00000000 00:00 0 
7ffae63bb000-7ffae63bc000 rw-p 00000000 00:00 0 
7ffae63bc000-7ffae63c4000 r-xp 00000000 08:05 5118478                    /usr/lib/jvm/java-7-openjdk-amd64/jre/lib/amd64/libzip.so
7ffae63c4000-7ffae65c3000 ---p 00008000 08:05 5118478                    /usr/lib/jvm/java-7-openjdk-amd64/jre/lib/amd64/libzip.so
7ffae65c3000-7ffae65c4000 r--p 00007000 08:05 5118478                    /usr/lib/jvm/java-7-openjdk-amd64/jre/lib/amd64/libzip.so
7ffae65c4000-7ffae65c5000 rw-p 00008000 08:05 5118478                    /usr/lib/jvm/java-7-openjdk-amd64/jre/lib/amd64/libzip.so
7ffae65c5000-7ffae65d0000 r-xp 00000000 08:05 4984839                    /lib/x86_64-linux-gnu/libnss_files-2.19.so
7ffae65d0000-7ffae67cf000 ---p 0000b000 08:05 4984839                    /lib/x86_64-linux-gnu/libnss_files-2.19.so
7ffae67cf000-7ffae67d0000 r--p 0000a000 08:05 4984839                    /lib/x86_64-linux-gnu/libnss_files-2.19.so
7ffae67d0000-7ffae67d1000 rw-p 0000b000 08:05 4984839                    /lib/x86_64-linux-gnu/libnss_files-2.19.so
7ffae67d1000-7ffae67dc000 r-xp 00000000 08:05 4986730                    /lib/x86_64-linux-gnu/libnss_nis-2.19.so
7ffae67dc000-7ffae69db000 ---p 0000b000 08:05 4986730                    /lib/x86_64-linux-gnu/libnss_nis-2.19.so
7ffae69db000-7ffae69dc000 r--p 0000a000 08:05 4986730                    /lib/x86_64-linux-gnu/libnss_nis-2.19.so
7ffae69dc000-7ffae69dd000 rw-p 0000b000 08:05 4986730                    /lib/x86_64-linux-gnu/libnss_nis-2.19.so
7ffae69dd000-7ffae69f4000 r-xp 00000000 08:05 4984912                    /lib/x86_64-linux-gnu/libnsl-2.19.so
7ffae69f4000-7ffae6bf3000 ---p 00017000 08:05 4984912                    /lib/x86_64-linux-gnu/libnsl-2.19.so
7ffae6bf3000-7ffae6bf4000 r--p 00016000 08:05 4984912                    /lib/x86_64-linux-gnu/libnsl-2.19.so
7ffae6bf4000-7ffae6bf5000 rw-p 00017000 08:05 4984912                    /lib/x86_64-linux-gnu/libnsl-2.19.so
7ffae6bf5000-7ffae6bf7000 rw-p 00000000 00:00 0 
7ffae6bf7000-7ffae6c00000 r-xp 00000000 08:05 4984909                    /lib/x86_64-linux-gnu/libnss_compat-2.19.so
7ffae6c00000-7ffae6dff000 ---p 00009000 08:05 4984909                    /lib/x86_64-linux-gnu/libnss_compat-2.19.so
7ffae6dff000-7ffae6e00000 r--p 00008000 08:05 4984909                    /lib/x86_64-linux-gnu/libnss_compat-2.19.so
7ffae6e00000-7ffae6e01000 rw-p 00009000 08:05 4984909                    /lib/x86_64-linux-gnu/libnss_compat-2.19.so
7ffae6e01000-7ffae6e2c000 r-xp 00000000 08:05 5118462                    /usr/lib/jvm/java-7-openjdk-amd64/jre/lib/amd64/libjava.so
7ffae6e2c000-7ffae702c000 ---p 0002b000 08:05 5118462                    /usr/lib/jvm/java-7-openjdk-amd64/jre/lib/amd64/libjava.so
7ffae702c000-7ffae702d000 r--p 0002b000 08:05 5118462                    /usr/lib/jvm/java-7-openjdk-amd64/jre/lib/amd64/libjava.so
7ffae702d000-7ffae702f000 rw-p 0002c000 08:05 5118462                    /usr/lib/jvm/java-7-openjdk-amd64/jre/lib/amd64/libjava.so
7ffae702f000-7ffae703f000 r-xp 00000000 08:05 5118461                    /usr/lib/jvm/java-7-openjdk-amd64/jre/lib/amd64/libverify.so
7ffae703f000-7ffae723e000 ---p 00010000 08:05 5118461                    /usr/lib/jvm/java-7-openjdk-amd64/jre/lib/amd64/libverify.so
7ffae723e000-7ffae7240000 r--p 0000f000 08:05 5118461                    /usr/lib/jvm/java-7-openjdk-amd64/jre/lib/amd64/libverify.so
7ffae7240000-7ffae7241000 rw-p 00011000 08:05 5118461                    /usr/lib/jvm/java-7-openjdk-amd64/jre/lib/amd64/libverify.so
7ffae7241000-7ffae7248000 r-xp 00000000 08:05 4986727                    /lib/x86_64-linux-gnu/librt-2.19.so
7ffae7248000-7ffae7447000 ---p 00007000 08:05 4986727                    /lib/x86_64-linux-gnu/librt-2.19.so
7ffae7447000-7ffae7448000 r--p 00006000 08:05 4986727                    /lib/x86_64-linux-gnu/librt-2.19.so
7ffae7448000-7ffae7449000 rw-p 00007000 08:05 4986727                    /lib/x86_64-linux-gnu/librt-2.19.so
7ffae7449000-7ffae745f000 r-xp 00000000 08:05 4984731                    /lib/x86_64-linux-gnu/libgcc_s.so.1
7ffae745f000-7ffae765e000 ---p 00016000 08:05 4984731                    /lib/x86_64-linux-gnu/libgcc_s.so.1
7ffae765e000-7ffae765f000 rw-p 00015000 08:05 4984731                    /lib/x86_64-linux-gnu/libgcc_s.so.1
7ffae765f000-7ffae7764000 r-xp 00000000 08:05 4984721                    /lib/x86_64-linux-gnu/libm-2.19.so
7ffae7764000-7ffae7963000 ---p 00105000 08:05 4984721                    /lib/x86_64-linux-gnu/libm-2.19.so
7ffae7963000-7ffae7964000 r--p 00104000 08:05 4984721                    /lib/x86_64-linux-gnu/libm-2.19.so
7ffae7964000-7ffae7965000 rw-p 00105000 08:05 4984721                    /lib/x86_64-linux-gnu/libm-2.19.so
7ffae7965000-7ffae7a4b000 r-xp 00000000 08:05 5243703                    /usr/lib/x86_64-linux-gnu/libstdc++.so.6.0.19
7ffae7a4b000-7ffae7c4a000 ---p 000e6000 08:05 5243703                    /usr/lib/x86_64-linux-gnu/libstdc++.so.6.0.19
7ffae7c4a000-7ffae7c52000 r--p 000e5000 08:05 5243703                    /usr/lib/x86_64-linux-gnu/libstdc++.so.6.0.19
7ffae7c52000-7ffae7c54000 rw-p 000ed000 08:05 5243703                    /usr/lib/x86_64-linux-gnu/libstdc++.so.6.0.19
7ffae7c54000-7ffae7c69000 rw-p 00000000 00:00 0 
7ffae7c69000-7ffae8781000 r-xp 00000000 08:05 5118466                    /usr/lib/jvm/java-7-openjdk-amd64/jre/lib/amd64/server/libjvm.so
7ffae8781000-7ffae8981000 ---p 00b18000 08:05 5118466                    /usr/lib/jvm/java-7-openjdk-amd64/jre/lib/amd64/server/libjvm.so
7ffae8981000-7ffae8a1b000 r--p 00b18000 08:05 5118466                    /usr/lib/jvm/java-7-openjdk-amd64/jre/lib/amd64/server/libjvm.so
7ffae8a1b000-7ffae8a3e000 rw-p 00bb2000 08:05 5118466                    /usr/lib/jvm/java-7-openjdk-amd64/jre/lib/amd64/server/libjvm.so
7ffae8a3e000-7ffae8a6c000 rw-p 00000000 00:00 0 
7ffae8a6c000-7ffae8a84000 r-xp 00000000 08:05 4984917                    /lib/x86_64-linux-gnu/libz.so.1.2.8
7ffae8a84000-7ffae8c83000 ---p 00018000 08:05 4984917                    /lib/x86_64-linux-gnu/libz.so.1.2.8
7ffae8c83000-7ffae8c84000 r--p 00017000 08:05 4984917                    /lib/x86_64-linux-gnu/libz.so.1.2.8
7ffae8c84000-7ffae8c85000 rw-p 00018000 08:05 4984917                    /lib/x86_64-linux-gnu/libz.so.1.2.8
7ffae8c85000-7ffae8c9e000 r-xp 00000000 08:05 4986725                    /lib/x86_64-linux-gnu/libpthread-2.19.so
7ffae8c9e000-7ffae8e9d000 ---p 00019000 08:05 4986725                    /lib/x86_64-linux-gnu/libpthread-2.19.so
7ffae8e9d000-7ffae8e9e000 r--p 00018000 08:05 4986725                    /lib/x86_64-linux-gnu/libpthread-2.19.so
7ffae8e9e000-7ffae8e9f000 rw-p 00019000 08:05 4986725                    /lib/x86_64-linux-gnu/libpthread-2.19.so
7ffae8e9f000-7ffae8ea3000 rw-p 00000000 00:00 0 
7ffae8ea3000-7ffae8ea6000 r-xp 00000000 08:05 4984882                    /lib/x86_64-linux-gnu/libdl-2.19.so
7ffae8ea6000-7ffae90a5000 ---p 00003000 08:05 4984882                    /lib/x86_64-linux-gnu/libdl-2.19.so
7ffae90a5000-7ffae90a6000 r--p 00002000 08:05 4984882                    /lib/x86_64-linux-gnu/libdl-2.19.so
7ffae90a6000-7ffae90a7000 rw-p 00003000 08:05 4984882                    /lib/x86_64-linux-gnu/libdl-2.19.so
7ffae90a7000-7ffae9262000 r-xp 00000000 08:05 4986724                    /lib/x86_64-linux-gnu/libc-2.19.so
7ffae9262000-7ffae9461000 ---p 001bb000 08:05 4986724                    /lib/x86_64-linux-gnu/libc-2.19.so
7ffae9461000-7ffae9465000 r--p 001ba000 08:05 4986724                    /lib/x86_64-linux-gnu/libc-2.19.so
7ffae9465000-7ffae9467000 rw-p 001be000 08:05 4986724                    /lib/x86_64-linux-gnu/libc-2.19.so
7ffae9467000-7ffae946c000 rw-p 00000000 00:00 0 
7ffae946c000-7ffae9479000 r-xp 00000000 08:05 5118444                    /usr/lib/jvm/java-7-openjdk-amd64/jre/lib/amd64/jli/libjli.so
7ffae9479000-7ffae9678000 ---p 0000d000 08:05 5118444                    /usr/lib/jvm/java-7-openjdk-amd64/jre/lib/amd64/jli/libjli.so
7ffae9678000-7ffae9679000 r--p 0000c000 08:05 5118444                    /usr/lib/jvm/java-7-openjdk-amd64/jre/lib/amd64/jli/libjli.so
7ffae9679000-7ffae967a000 rw-p 0000d000 08:05 5118444                    /usr/lib/jvm/java-7-openjdk-amd64/jre/lib/amd64/jli/libjli.so
7ffae967a000-7ffae969d000 r-xp 00000000 08:05 4986721                    /lib/x86_64-linux-gnu/ld-2.19.so
7ffae96b2000-7ffae96be000 rw-p 00000000 00:00 0 
7ffae96be000-7ffae9774000 rw-p 00000000 00:00 0 
7ffae9774000-7ffae9777000 ---p 00000000 00:00 0 
7ffae9777000-7ffae9890000 rw-p 00000000 00:00 0                          [stack:13108]
7ffae9890000-7ffae9898000 rw-s 00000000 08:05 6041893                    /tmp/hsperfdata_lorenzoviva/13102
7ffae9898000-7ffae9899000 rw-p 00000000 00:00 0 
7ffae9899000-7ffae989a000 r--p 00000000 00:00 0 
7ffae989a000-7ffae989c000 rw-p 00000000 00:00 0 
7ffae989c000-7ffae989d000 r--p 00022000 08:05 4986721                    /lib/x86_64-linux-gnu/ld-2.19.so
7ffae989d000-7ffae989e000 rw-p 00023000 08:05 4986721                    /lib/x86_64-linux-gnu/ld-2.19.so
7ffae989e000-7ffae989f000 rw-p 00000000 00:00 0 
7fff757a8000-7fff757c9000 rw-p 00000000 00:00 0                          [stack]
7fff757c9000-7fff757cb000 r-xp 00000000 00:00 0                          [vdso]
ffffffffff600000-ffffffffff601000 r-xp 00000000 00:00 0                  [vsyscall]

VM Arguments:
jvm_args: -Dfile.encoding=UTF-8 -Xbootclasspath:/home/lorenzoviva/Documenti/libraries/android-sdk-linux/platforms/android-22/android.jar 
java_command: com.example.dbutility.DatabaseConfigUtil
Launcher Type: SUN_STANDARD

Environment Variables:
JAVA_HOME=/usr/lib/jvm/java-8-oracle
PATH=/usr/local/sbin:/usr/local/bin:/usr/sbin:/usr/bin:/sbin:/bin:/usr/games:/usr/local/games:/usr/lib/jvm/java-8-oracle/bin:/usr/lib/jvm/java-8-oracle/db/bin:/usr/lib/jvm/java-8-oracle/jre/bin
SHELL=/bin/bash
DISPLAY=:0

Signal Handlers:
SIGSEGV: [libjvm.so+0x94b4b0], sa_mask[0]=0x7ffbfeff, sa_flags=0x10000004
SIGBUS: [libjvm.so+0x94b4b0], sa_mask[0]=0x7ffbfeff, sa_flags=0x10000004
SIGFPE: [libjvm.so+0x7c3390], sa_mask[0]=0x7ffbfeff, sa_flags=0x10000004
SIGPIPE: [libjvm.so+0x7c3390], sa_mask[0]=0x7ffbfeff, sa_flags=0x10000004
SIGXFSZ: [libjvm.so+0x7c3390], sa_mask[0]=0x7ffbfeff, sa_flags=0x10000004
SIGILL: [libjvm.so+0x7c3390], sa_mask[0]=0x7ffbfeff, sa_flags=0x10000004
SIGUSR1: SIG_DFL, sa_mask[0]=0x00000000, sa_flags=0x00000000
SIGUSR2: [libjvm.so+0x7c3230], sa_mask[0]=0x00000004, sa_flags=0x10000004
SIGHUP: SIG_DFL, sa_mask[0]=0x00000000, sa_flags=0x00000000
SIGINT: SIG_DFL, sa_mask[0]=0x00000000, sa_flags=0x00000000
SIGTERM: SIG_DFL, sa_mask[0]=0x00000000, sa_flags=0x00000000
SIGQUIT: SIG_DFL, sa_mask[0]=0x00000000, sa_flags=0x00000000
SIGTRAP: SIG_DFL, sa_mask[0]=0x00000000, sa_flags=0x00000000


---------------  S Y S T E M  ---------------

OS:Ubuntu 14.04 (trusty)
uname:Linux 3.13.0-48-generic #80-Ubuntu SMP Thu Mar 12 11:16:15 UTC 2015 x86_64
libc:glibc 2.19 NPTL 2.19 
rlimit: STACK 8192k, CORE 0k, NPROC 30493, NOFILE 4096, AS infinity
load average:1.02 0.83 1.02

/proc/meminfo:
MemTotal:        3924788 kB
MemFree:          392824 kB
Buffers:           56348 kB
Cached:          1345756 kB
SwapCached:         9756 kB
Active:          2162104 kB
Inactive:        1129660 kB
Active(anon):    1878940 kB
Inactive(anon):   610176 kB
Active(file):     283164 kB
Inactive(file):   519484 kB
Unevictable:          32 kB
Mlocked:              32 kB
SwapTotal:       4070396 kB
SwapFree:        4006808 kB
Dirty:              3500 kB
Writeback:             0 kB
AnonPages:       1882164 kB
Mapped:           238064 kB
Shmem:            599448 kB
Slab:             141756 kB
SReclaimable:     106192 kB
SUnreclaim:        35564 kB
KernelStack:        4688 kB
PageTables:        32728 kB
NFS_Unstable:          0 kB
Bounce:                0 kB
WritebackTmp:          0 kB
CommitLimit:     6032788 kB
Committed_AS:    5959704 kB
VmallocTotal:   34359738367 kB
VmallocUsed:      353216 kB
VmallocChunk:   34359376472 kB
HardwareCorrupted:     0 kB
AnonHugePages:    933888 kB
HugePages_Total:       0
HugePages_Free:        0
HugePages_Rsvd:        0
HugePages_Surp:        0
Hugepagesize:       2048 kB
DirectMap4k:       85456 kB
DirectMap2M:     3987456 kB


CPU:total 4 (2 cores per cpu, 2 threads per core) family 6 model 42 stepping 7, cmov, cx8, fxsr, mmx, sse, sse2, sse3, ssse3, sse4.1, sse4.2, popcnt, avx, aes, ht, tsc, tscinvbit

/proc/cpuinfo:
processor	: 0
vendor_id	: GenuineIntel
cpu family	: 6
model		: 42
model name	: Intel(R) Core(TM) i5-2520M CPU @ 2.50GHz
stepping	: 7
microcode	: 0x29
cpu MHz		: 2501.000
cache size	: 3072 KB
physical id	: 0
siblings	: 4
core id		: 0
cpu cores	: 2
apicid		: 0
initial apicid	: 0
fpu		: yes
fpu_exception	: yes
cpuid level	: 13
wp		: yes
flags		: fpu vme de pse tsc msr pae mce cx8 apic sep mtrr pge mca cmov pat pse36 clflush dts acpi mmx fxsr sse sse2 ss ht tm pbe syscall nx rdtscp lm constant_tsc arch_perfmon pebs bts rep_good nopl xtopology nonstop_tsc aperfmperf eagerfpu pni pclmulqdq dtes64 monitor ds_cpl vmx smx est tm2 ssse3 cx16 xtpr pdcm pcid sse4_1 sse4_2 x2apic popcnt tsc_deadline_timer aes xsave avx lahf_lm ida arat epb xsaveopt pln pts dtherm tpr_shadow vnmi flexpriority ept vpid
bogomips	: 4988.76
clflush size	: 64
cache_alignment	: 64
address sizes	: 36 bits physical, 48 bits virtual
power management:

processor	: 1
vendor_id	: GenuineIntel
cpu family	: 6
model		: 42
model name	: Intel(R) Core(TM) i5-2520M CPU @ 2.50GHz
stepping	: 7
microcode	: 0x29
cpu MHz		: 2500.000
cache size	: 3072 KB
physical id	: 0
siblings	: 4
core id		: 1
cpu cores	: 2
apicid		: 2
initial apicid	: 2
fpu		: yes
fpu_exception	: yes
cpuid level	: 13
wp		: yes
flags		: fpu vme de pse tsc msr pae mce cx8 apic sep mtrr pge mca cmov pat pse36 clflush dts acpi mmx fxsr sse sse2 ss ht tm pbe syscall nx rdtscp lm constant_tsc arch_perfmon pebs bts rep_good nopl xtopology nonstop_tsc aperfmperf eagerfpu pni pclmulqdq dtes64 monitor ds_cpl vmx smx est tm2 ssse3 cx16 xtpr pdcm pcid sse4_1 sse4_2 x2apic popcnt tsc_deadline_timer aes xsave avx lahf_lm ida arat epb xsaveopt pln pts dtherm tpr_shadow vnmi flexpriority ept vpid
bogomips	: 4988.76
clflush size	: 64
cache_alignment	: 64
address sizes	: 36 bits physical, 48 bits virtual
power management:

processor	: 2
vendor_id	: GenuineIntel
cpu family	: 6
model		: 42
model name	: Intel(R) Core(TM) i5-2520M CPU @ 2.50GHz
stepping	: 7
microcode	: 0x29
cpu MHz		: 2501.000
cache size	: 3072 KB
physical id	: 0
siblings	: 4
core id		: 0
cpu cores	: 2
apicid		: 1
initial apicid	: 1
fpu		: yes
fpu_exception	: yes
cpuid level	: 13
wp		: yes
flags		: fpu vme de pse tsc msr pae mce cx8 apic sep mtrr pge mca cmov pat pse36 clflush dts acpi mmx fxsr sse sse2 ss ht tm pbe syscall nx rdtscp lm constant_tsc arch_perfmon pebs bts rep_good nopl xtopology nonstop_tsc aperfmperf eagerfpu pni pclmulqdq dtes64 monitor ds_cpl vmx smx est tm2 ssse3 cx16 xtpr pdcm pcid sse4_1 sse4_2 x2apic popcnt tsc_deadline_timer aes xsave avx lahf_lm ida arat epb xsaveopt pln pts dtherm tpr_shadow vnmi flexpriority ept vpid
bogomips	: 4988.76
clflush size	: 64
cache_alignment	: 64
address sizes	: 36 bits physical, 48 bits virtual
power management:

processor	: 3
vendor_id	: GenuineIntel
cpu family	: 6
model		: 42
model name	: Intel(R) Core(TM) i5-2520M CPU @ 2.50GHz
stepping	: 7
microcode	: 0x29
cpu MHz		: 2501.000
cache size	: 3072 KB
physical id	: 0
siblings	: 4
core id		: 1
cpu cores	: 2
apicid		: 3
initial apicid	: 3
fpu		: yes
fpu_exception	: yes
cpuid level	: 13
wp		: yes
flags		: fpu vme de pse tsc msr pae mce cx8 apic sep mtrr pge mca cmov pat pse36 clflush dts acpi mmx fxsr sse sse2 ss ht tm pbe syscall nx rdtscp lm constant_tsc arch_perfmon pebs bts rep_good nopl xtopology nonstop_tsc aperfmperf eagerfpu pni pclmulqdq dtes64 monitor ds_cpl vmx smx est tm2 ssse3 cx16 xtpr pdcm pcid sse4_1 sse4_2 x2apic popcnt tsc_deadline_timer aes xsave avx lahf_lm ida arat epb xsaveopt pln pts dtherm tpr_shadow vnmi flexpriority ept vpid
bogomips	: 4988.76
clflush size	: 64
cache_alignment	: 64
address sizes	: 36 bits physical, 48 bits virtual
power management:



Memory: 4k page, physical 3924788k(392824k free), swap 4070396k(4006808k free)

vm_info: OpenJDK 64-Bit Server VM (24.75-b04) for linux-amd64 JRE (1.7.0_75-b13), built on Jan 27 2015 00:38:59 by "buildd" with gcc 4.8.2

time: Sun Jul 19 19:09:22 2015
elapsed time: 0 seconds

